In /Users/Hal/Dropbox/files/runeblog/themes/standard
     - about to process global.lt3
    ...finished
In /Users/Hal/Dropbox/files/runeblog/themes/standard
     - about to process blog/head.lt3
In /Users/Hal/Dropbox/files/runeblog/themes/standard
     - about to process meta.lt3
    ...finished
In /Users/Hal/Dropbox/files/runeblog/themes/standard
     - about to process navbar.lt3
    ...finished
In /Users/Hal/Dropbox/files/runeblog/themes/standard
     - about to process blog-index.lt3
In /Users/Hal/Dropbox/files/runeblog/themes/standard
     - about to process sidebar/ad.lt3
    ...finished
In /Users/Hal/Dropbox/files/runeblog/themes/standard
     - about to process sidebar/news.lt3
    ...finished
In /Users/Hal/Dropbox/files/runeblog/themes/standard
     - about to process sidebar/calendar.lt3
    ...finished
In /Users/Hal/Dropbox/files/runeblog/themes/standard
     - about to process sidebar/tag-cloud.lt3
    ...finished
    ...finished
    ...finished
